{"D:\\PERKULIAHAN UIN SUKA\\CATALIZ\\crud-typescript-clean-solid\\src\\app.ts": {"path":"D:\\PERKULIAHAN UIN SUKA\\CATALIZ\\crud-typescript-clean-solid\\src\\app.ts","statementMap":{"0":{"start":{"line":5,"column":19},"end":{"line":5,"column":28}},"1":{"start":{"line":7,"column":0},"end":{"line":7,"column":16}},"2":{"start":{"line":9,"column":0},"end":{"line":9,"column":40}},"3":{"start":{"line":11,"column":0},"end":{"line":11,"column":27}},"4":{"start":{"line":13,"column":0},"end":{"line":15,"column":3}},"5":{"start":{"line":14,"column":2},"end":{"line":14,"column":46}}},"fnMap":{"0":{"name":"(anonymous_0)","decl":{"start":{"line":13,"column":17},"end":{"line":13,"column":18}},"loc":{"start":{"line":13,"column":23},"end":{"line":15,"column":1}},"line":13}},"branchMap":{},"s":{"0":1,"1":1,"2":1,"3":1,"4":1,"5":1},"f":{"0":1},"b":{},"_coverageSchema":"1a1c01bbd47fc00a2c39e90264f33305004495a9","hash":"dc1aeb0f70c1317843caccfee057c7b2866d5531"}
,"D:\\PERKULIAHAN UIN SUKA\\CATALIZ\\crud-typescript-clean-solid\\src\\controllers\\userController.ts": {"path":"D:\\PERKULIAHAN UIN SUKA\\CATALIZ\\crud-typescript-clean-solid\\src\\controllers\\userController.ts","statementMap":{"0":{"start":{"line":17,"column":4},"end":{"line":17,"column":47}},"1":{"start":{"line":18,"column":4},"end":{"line":18,"column":51}},"2":{"start":{"line":19,"column":4},"end":{"line":19,"column":47}},"3":{"start":{"line":20,"column":4},"end":{"line":20,"column":47}},"4":{"start":{"line":21,"column":4},"end":{"line":21,"column":49}},"5":{"start":{"line":25,"column":4},"end":{"line":35,"column":5}},"6":{"start":{"line":26,"column":29},"end":{"line":26,"column":51}},"7":{"start":{"line":27,"column":6},"end":{"line":29,"column":7}},"8":{"start":{"line":28,"column":8},"end":{"line":28,"column":74}},"9":{"start":{"line":31,"column":21},"end":{"line":31,"column":66}},"10":{"start":{"line":32,"column":6},"end":{"line":32,"column":90}},"11":{"start":{"line":34,"column":6},"end":{"line":34,"column":62}},"12":{"start":{"line":39,"column":4},"end":{"line":47,"column":5}},"13":{"start":{"line":40,"column":21},"end":{"line":40,"column":31}},"14":{"start":{"line":42,"column":21},"end":{"line":42,"column":61}},"15":{"start":{"line":44,"column":6},"end":{"line":44,"column":69}},"16":{"start":{"line":46,"column":6},"end":{"line":46,"column":62}},"17":{"start":{"line":51,"column":4},"end":{"line":57,"column":5}},"18":{"start":{"line":52,"column":21},"end":{"line":52,"column":60}},"19":{"start":{"line":54,"column":6},"end":{"line":54,"column":75}},"20":{"start":{"line":56,"column":6},"end":{"line":56,"column":62}},"21":{"start":{"line":61,"column":4},"end":{"line":74,"column":5}},"22":{"start":{"line":62,"column":21},"end":{"line":62,"column":31}},"23":{"start":{"line":64,"column":29},"end":{"line":64,"column":51}},"24":{"start":{"line":65,"column":6},"end":{"line":67,"column":7}},"25":{"start":{"line":66,"column":8},"end":{"line":66,"column":74}},"26":{"start":{"line":69,"column":21},"end":{"line":69,"column":70}},"27":{"start":{"line":71,"column":6},"end":{"line":71,"column":91}},"28":{"start":{"line":73,"column":6},"end":{"line":73,"column":62}},"29":{"start":{"line":78,"column":4},"end":{"line":86,"column":5}},"30":{"start":{"line":79,"column":21},"end":{"line":79,"column":31}},"31":{"start":{"line":81,"column":21},"end":{"line":81,"column":60}},"32":{"start":{"line":83,"column":6},"end":{"line":83,"column":77}},"33":{"start":{"line":85,"column":6},"end":{"line":85,"column":62}}},"fnMap":{"0":{"name":"(anonymous_0)","decl":{"start":{"line":16,"column":2},"end":{"line":16,"column":3}},"loc":{"start":{"line":16,"column":210},"end":{"line":22,"column":3}},"line":16},"1":{"name":"(anonymous_1)","decl":{"start":{"line":24,"column":2},"end":{"line":24,"column":3}},"loc":{"start":{"line":24,"column":55},"end":{"line":36,"column":3}},"line":24},"2":{"name":"(anonymous_2)","decl":{"start":{"line":38,"column":2},"end":{"line":38,"column":3}},"loc":{"start":{"line":38,"column":56},"end":{"line":48,"column":3}},"line":38},"3":{"name":"(anonymous_3)","decl":{"start":{"line":50,"column":2},"end":{"line":50,"column":3}},"loc":{"start":{"line":50,"column":57},"end":{"line":58,"column":3}},"line":50},"4":{"name":"(anonymous_4)","decl":{"start":{"line":60,"column":2},"end":{"line":60,"column":3}},"loc":{"start":{"line":60,"column":55},"end":{"line":75,"column":3}},"line":60},"5":{"name":"(anonymous_5)","decl":{"start":{"line":77,"column":2},"end":{"line":77,"column":3}},"loc":{"start":{"line":77,"column":55},"end":{"line":87,"column":3}},"line":77}},"branchMap":{"0":{"loc":{"start":{"line":27,"column":6},"end":{"line":29,"column":7}},"type":"if","locations":[{"start":{"line":27,"column":6},"end":{"line":29,"column":7}},{"start":{},"end":{}}],"line":27},"1":{"loc":{"start":{"line":65,"column":6},"end":{"line":67,"column":7}},"type":"if","locations":[{"start":{"line":65,"column":6},"end":{"line":67,"column":7}},{"start":{},"end":{}}],"line":65}},"s":{"0":1,"1":1,"2":1,"3":1,"4":1,"5":1,"6":1,"7":1,"8":0,"9":1,"10":1,"11":0,"12":0,"13":0,"14":0,"15":0,"16":0,"17":1,"18":1,"19":1,"20":0,"21":0,"22":0,"23":0,"24":0,"25":0,"26":0,"27":0,"28":0,"29":1,"30":1,"31":1,"32":1,"33":0},"f":{"0":1,"1":1,"2":0,"3":1,"4":0,"5":1},"b":{"0":[0,1],"1":[0,0]},"_coverageSchema":"1a1c01bbd47fc00a2c39e90264f33305004495a9","hash":"bd58c32f8745860fcbb5f458b97f823bdcfe544b"}
,"D:\\PERKULIAHAN UIN SUKA\\CATALIZ\\crud-typescript-clean-solid\\src\\database\\database.ts": {"path":"D:\\PERKULIAHAN UIN SUKA\\CATALIZ\\crud-typescript-clean-solid\\src\\database\\database.ts","statementMap":{"0":{"start":{"line":4,"column":24},"end":{"line":4,"column":51}},"1":{"start":{"line":5,"column":27},"end":{"line":5,"column":34}},"2":{"start":{"line":7,"column":32},"end":{"line":7,"column":57}},"3":{"start":{"line":11,"column":4},"end":{"line":19,"column":5}},"4":{"start":{"line":12,"column":6},"end":{"line":12,"column":28}},"5":{"start":{"line":13,"column":6},"end":{"line":13,"column":44}},"6":{"start":{"line":14,"column":6},"end":{"line":14,"column":51}},"7":{"start":{"line":15,"column":6},"end":{"line":15,"column":51}},"8":{"start":{"line":17,"column":6},"end":{"line":17,"column":58}},"9":{"start":{"line":18,"column":6},"end":{"line":18,"column":18}},"10":{"start":{"line":23,"column":18},"end":{"line":23,"column":32}}},"fnMap":{"0":{"name":"(anonymous_0)","decl":{"start":{"line":10,"column":2},"end":{"line":10,"column":3}},"loc":{"start":{"line":10,"column":16},"end":{"line":20,"column":3}},"line":10}},"branchMap":{},"s":{"0":1,"1":1,"2":1,"3":1,"4":1,"5":1,"6":1,"7":1,"8":0,"9":0,"10":1},"f":{"0":1},"b":{},"_coverageSchema":"1a1c01bbd47fc00a2c39e90264f33305004495a9","hash":"3245e1f766baff7818a550c154ba764e72743f48"}
,"D:\\PERKULIAHAN UIN SUKA\\CATALIZ\\crud-typescript-clean-solid\\src\\entities\\docInterface.ts": {"path":"D:\\PERKULIAHAN UIN SUKA\\CATALIZ\\crud-typescript-clean-solid\\src\\entities\\docInterface.ts","statementMap":{},"fnMap":{},"branchMap":{},"s":{},"f":{},"b":{}}
,"D:\\PERKULIAHAN UIN SUKA\\CATALIZ\\crud-typescript-clean-solid\\src\\entities\\users.ts": {"path":"D:\\PERKULIAHAN UIN SUKA\\CATALIZ\\crud-typescript-clean-solid\\src\\entities\\users.ts","statementMap":{"0":{"start":{"line":12,"column":4},"end":{"line":12,"column":21}}},"fnMap":{"0":{"name":"(anonymous_0)","decl":{"start":{"line":11,"column":2},"end":{"line":11,"column":3}},"loc":{"start":{"line":11,"column":35},"end":{"line":13,"column":3}},"line":11}},"branchMap":{},"s":{"0":1},"f":{"0":1},"b":{},"_coverageSchema":"1a1c01bbd47fc00a2c39e90264f33305004495a9","hash":"45c59e8d0caaac97d20d19c2ea22a4a2d828f919"}
,"D:\\PERKULIAHAN UIN SUKA\\CATALIZ\\crud-typescript-clean-solid\\src\\repositories\\userRepository.ts": {"path":"D:\\PERKULIAHAN UIN SUKA\\CATALIZ\\crud-typescript-clean-solid\\src\\repositories\\userRepository.ts","statementMap":{"0":{"start":{"line":7,"column":19},"end":{"line":7,"column":54}},"1":{"start":{"line":8,"column":4},"end":{"line":8,"column":29}},"2":{"start":{"line":12,"column":4},"end":{"line":12,"column":48}},"3":{"start":{"line":16,"column":4},"end":{"line":16,"column":66}},"4":{"start":{"line":20,"column":4},"end":{"line":27,"column":6}},"5":{"start":{"line":31,"column":4},"end":{"line":31,"column":68}}},"fnMap":{"0":{"name":"(anonymous_0)","decl":{"start":{"line":6,"column":2},"end":{"line":6,"column":3}},"loc":{"start":{"line":6,"column":42},"end":{"line":9,"column":3}},"line":6},"1":{"name":"(anonymous_1)","decl":{"start":{"line":11,"column":2},"end":{"line":11,"column":3}},"loc":{"start":{"line":11,"column":26},"end":{"line":13,"column":3}},"line":11},"2":{"name":"(anonymous_2)","decl":{"start":{"line":15,"column":2},"end":{"line":15,"column":3}},"loc":{"start":{"line":15,"column":35},"end":{"line":17,"column":3}},"line":15},"3":{"name":"(anonymous_3)","decl":{"start":{"line":19,"column":2},"end":{"line":19,"column":3}},"loc":{"start":{"line":19,"column":54},"end":{"line":28,"column":3}},"line":19},"4":{"name":"(anonymous_4)","decl":{"start":{"line":30,"column":2},"end":{"line":30,"column":3}},"loc":{"start":{"line":30,"column":34},"end":{"line":32,"column":3}},"line":30}},"branchMap":{},"s":{"0":1,"1":1,"2":1,"3":0,"4":0,"5":1},"f":{"0":1,"1":1,"2":0,"3":0,"4":1},"b":{},"_coverageSchema":"1a1c01bbd47fc00a2c39e90264f33305004495a9","hash":"46f6c1ebea8a09648569d2af7c0d713b5832643a"}
,"D:\\PERKULIAHAN UIN SUKA\\CATALIZ\\crud-typescript-clean-solid\\src\\routes\\index.ts": {"path":"D:\\PERKULIAHAN UIN SUKA\\CATALIZ\\crud-typescript-clean-solid\\src\\routes\\index.ts","statementMap":{"0":{"start":{"line":4,"column":15},"end":{"line":4,"column":23}},"1":{"start":{"line":6,"column":0},"end":{"line":6,"column":30}}},"fnMap":{},"branchMap":{},"s":{"0":1,"1":1},"f":{},"b":{},"_coverageSchema":"1a1c01bbd47fc00a2c39e90264f33305004495a9","hash":"973cd65277939e7dcce24e343f368a9ada356430"}
,"D:\\PERKULIAHAN UIN SUKA\\CATALIZ\\crud-typescript-clean-solid\\src\\routes\\users\\users.ts": {"path":"D:\\PERKULIAHAN UIN SUKA\\CATALIZ\\crud-typescript-clean-solid\\src\\routes\\users\\users.ts","statementMap":{"0":{"start":{"line":10,"column":15},"end":{"line":10,"column":23}},"1":{"start":{"line":11,"column":23},"end":{"line":11,"column":43}},"2":{"start":{"line":12,"column":19},"end":{"line":12,"column":56}},"3":{"start":{"line":13,"column":19},"end":{"line":13,"column":56}},"4":{"start":{"line":14,"column":21},"end":{"line":14,"column":60}},"5":{"start":{"line":15,"column":20},"end":{"line":15,"column":58}},"6":{"start":{"line":16,"column":19},"end":{"line":16,"column":56}},"7":{"start":{"line":17,"column":23},"end":{"line":17,"column":104}},"8":{"start":{"line":19,"column":0},"end":{"line":19,"column":68}},"9":{"start":{"line":19,"column":31},"end":{"line":19,"column":66}},"10":{"start":{"line":21,"column":0},"end":{"line":21,"column":69}},"11":{"start":{"line":21,"column":30},"end":{"line":21,"column":67}},"12":{"start":{"line":23,"column":0},"end":{"line":23,"column":71}},"13":{"start":{"line":23,"column":33},"end":{"line":23,"column":69}},"14":{"start":{"line":25,"column":0},"end":{"line":25,"column":72}},"15":{"start":{"line":25,"column":35},"end":{"line":25,"column":70}},"16":{"start":{"line":27,"column":0},"end":{"line":27,"column":73}},"17":{"start":{"line":27,"column":36},"end":{"line":27,"column":71}}},"fnMap":{"0":{"name":"(anonymous_0)","decl":{"start":{"line":19,"column":17},"end":{"line":19,"column":18}},"loc":{"start":{"line":19,"column":31},"end":{"line":19,"column":66}},"line":19},"1":{"name":"(anonymous_1)","decl":{"start":{"line":21,"column":16},"end":{"line":21,"column":17}},"loc":{"start":{"line":21,"column":30},"end":{"line":21,"column":67}},"line":21},"2":{"name":"(anonymous_2)","decl":{"start":{"line":23,"column":19},"end":{"line":23,"column":20}},"loc":{"start":{"line":23,"column":33},"end":{"line":23,"column":69}},"line":23},"3":{"name":"(anonymous_3)","decl":{"start":{"line":25,"column":21},"end":{"line":25,"column":22}},"loc":{"start":{"line":25,"column":35},"end":{"line":25,"column":70}},"line":25},"4":{"name":"(anonymous_4)","decl":{"start":{"line":27,"column":22},"end":{"line":27,"column":23}},"loc":{"start":{"line":27,"column":36},"end":{"line":27,"column":71}},"line":27}},"branchMap":{},"s":{"0":1,"1":1,"2":1,"3":1,"4":1,"5":1,"6":1,"7":1,"8":1,"9":1,"10":1,"11":1,"12":1,"13":0,"14":1,"15":0,"16":1,"17":1},"f":{"0":1,"1":1,"2":0,"3":0,"4":1},"b":{},"_coverageSchema":"1a1c01bbd47fc00a2c39e90264f33305004495a9","hash":"64b5e06e1df01c999c83e5cbff1b98b861e7f2c7"}
,"D:\\PERKULIAHAN UIN SUKA\\CATALIZ\\crud-typescript-clean-solid\\src\\services\\users\\createUserService.ts": {"path":"D:\\PERKULIAHAN UIN SUKA\\CATALIZ\\crud-typescript-clean-solid\\src\\services\\users\\createUserService.ts","statementMap":{"0":{"start":{"line":9,"column":4},"end":{"line":9,"column":41}},"1":{"start":{"line":13,"column":23},"end":{"line":18,"column":6}},"2":{"start":{"line":20,"column":4},"end":{"line":20,"column":61}}},"fnMap":{"0":{"name":"(anonymous_0)","decl":{"start":{"line":8,"column":2},"end":{"line":8,"column":3}},"loc":{"start":{"line":8,"column":46},"end":{"line":10,"column":3}},"line":8},"1":{"name":"(anonymous_1)","decl":{"start":{"line":12,"column":2},"end":{"line":12,"column":3}},"loc":{"start":{"line":12,"column":42},"end":{"line":21,"column":3}},"line":12}},"branchMap":{},"s":{"0":1,"1":1,"2":1},"f":{"0":1,"1":1},"b":{},"_coverageSchema":"1a1c01bbd47fc00a2c39e90264f33305004495a9","hash":"6f1cbd8fa9f21c3efd5288041269e924c21bc9df"}
,"D:\\PERKULIAHAN UIN SUKA\\CATALIZ\\crud-typescript-clean-solid\\src\\services\\users\\deleteUserService.ts": {"path":"D:\\PERKULIAHAN UIN SUKA\\CATALIZ\\crud-typescript-clean-solid\\src\\services\\users\\deleteUserService.ts","statementMap":{"0":{"start":{"line":7,"column":4},"end":{"line":7,"column":41}},"1":{"start":{"line":11,"column":4},"end":{"line":11,"column":48}}},"fnMap":{"0":{"name":"(anonymous_0)","decl":{"start":{"line":6,"column":2},"end":{"line":6,"column":3}},"loc":{"start":{"line":6,"column":46},"end":{"line":8,"column":3}},"line":6},"1":{"name":"(anonymous_1)","decl":{"start":{"line":10,"column":2},"end":{"line":10,"column":3}},"loc":{"start":{"line":10,"column":34},"end":{"line":12,"column":3}},"line":10}},"branchMap":{},"s":{"0":1,"1":1},"f":{"0":1,"1":1},"b":{},"_coverageSchema":"1a1c01bbd47fc00a2c39e90264f33305004495a9","hash":"83f27e93f538bdc61e28fe1191f38aa9769c6fa1"}
,"D:\\PERKULIAHAN UIN SUKA\\CATALIZ\\crud-typescript-clean-solid\\src\\services\\users\\readManyUserService.ts": {"path":"D:\\PERKULIAHAN UIN SUKA\\CATALIZ\\crud-typescript-clean-solid\\src\\services\\users\\readManyUserService.ts","statementMap":{"0":{"start":{"line":7,"column":4},"end":{"line":7,"column":41}},"1":{"start":{"line":11,"column":4},"end":{"line":11,"column":48}}},"fnMap":{"0":{"name":"(anonymous_0)","decl":{"start":{"line":6,"column":2},"end":{"line":6,"column":3}},"loc":{"start":{"line":6,"column":46},"end":{"line":8,"column":3}},"line":6},"1":{"name":"(anonymous_1)","decl":{"start":{"line":10,"column":2},"end":{"line":10,"column":3}},"loc":{"start":{"line":10,"column":24},"end":{"line":12,"column":3}},"line":10}},"branchMap":{},"s":{"0":1,"1":1},"f":{"0":1,"1":1},"b":{},"_coverageSchema":"1a1c01bbd47fc00a2c39e90264f33305004495a9","hash":"7ada721863ab08bb5e9c6c20a3907292e65fdfea"}
,"D:\\PERKULIAHAN UIN SUKA\\CATALIZ\\crud-typescript-clean-solid\\src\\services\\users\\readOneUserService.ts": {"path":"D:\\PERKULIAHAN UIN SUKA\\CATALIZ\\crud-typescript-clean-solid\\src\\services\\users\\readOneUserService.ts","statementMap":{"0":{"start":{"line":7,"column":4},"end":{"line":7,"column":41}},"1":{"start":{"line":11,"column":4},"end":{"line":11,"column":49}}},"fnMap":{"0":{"name":"(anonymous_0)","decl":{"start":{"line":6,"column":2},"end":{"line":6,"column":3}},"loc":{"start":{"line":6,"column":46},"end":{"line":8,"column":3}},"line":6},"1":{"name":"(anonymous_1)","decl":{"start":{"line":10,"column":2},"end":{"line":10,"column":3}},"loc":{"start":{"line":10,"column":34},"end":{"line":12,"column":3}},"line":10}},"branchMap":{},"s":{"0":1,"1":0},"f":{"0":1,"1":0},"b":{},"_coverageSchema":"1a1c01bbd47fc00a2c39e90264f33305004495a9","hash":"ef64cfa56601c2569e32a1cce454d0d879511229"}
,"D:\\PERKULIAHAN UIN SUKA\\CATALIZ\\crud-typescript-clean-solid\\src\\services\\users\\updateUserService.ts": {"path":"D:\\PERKULIAHAN UIN SUKA\\CATALIZ\\crud-typescript-clean-solid\\src\\services\\users\\updateUserService.ts","statementMap":{"0":{"start":{"line":9,"column":4},"end":{"line":9,"column":41}},"1":{"start":{"line":13,"column":23},"end":{"line":18,"column":6}},"2":{"start":{"line":20,"column":4},"end":{"line":20,"column":65}}},"fnMap":{"0":{"name":"(anonymous_0)","decl":{"start":{"line":8,"column":2},"end":{"line":8,"column":3}},"loc":{"start":{"line":8,"column":46},"end":{"line":10,"column":3}},"line":8},"1":{"name":"(anonymous_1)","decl":{"start":{"line":12,"column":2},"end":{"line":12,"column":3}},"loc":{"start":{"line":12,"column":54},"end":{"line":21,"column":3}},"line":12}},"branchMap":{},"s":{"0":1,"1":0,"2":0},"f":{"0":1,"1":0},"b":{},"_coverageSchema":"1a1c01bbd47fc00a2c39e90264f33305004495a9","hash":"b7663f3865ae92409b17098ab84c2f6e90859447"}
,"D:\\PERKULIAHAN UIN SUKA\\CATALIZ\\crud-typescript-clean-solid\\src\\validation\\userValidate.ts": {"path":"D:\\PERKULIAHAN UIN SUKA\\CATALIZ\\crud-typescript-clean-solid\\src\\validation\\userValidate.ts","statementMap":{"0":{"start":{"line":4,"column":17},"end":{"line":4,"column":19}},"1":{"start":{"line":6,"column":2},"end":{"line":8,"column":3}},"2":{"start":{"line":7,"column":4},"end":{"line":7,"column":36}},"3":{"start":{"line":10,"column":2},"end":{"line":12,"column":3}},"4":{"start":{"line":11,"column":4},"end":{"line":11,"column":37}},"5":{"start":{"line":14,"column":2},"end":{"line":16,"column":3}},"6":{"start":{"line":15,"column":4},"end":{"line":15,"column":39}},"7":{"start":{"line":18,"column":2},"end":{"line":22,"column":3}},"8":{"start":{"line":19,"column":4},"end":{"line":19,"column":54}},"9":{"start":{"line":21,"column":4},"end":{"line":21,"column":57}}},"fnMap":{"0":{"name":"userValidate","decl":{"start":{"line":3,"column":16},"end":{"line":3,"column":28}},"loc":{"start":{"line":3,"column":49},"end":{"line":23,"column":1}},"line":3}},"branchMap":{"0":{"loc":{"start":{"line":6,"column":2},"end":{"line":8,"column":3}},"type":"if","locations":[{"start":{"line":6,"column":2},"end":{"line":8,"column":3}},{"start":{},"end":{}}],"line":6},"1":{"loc":{"start":{"line":10,"column":2},"end":{"line":12,"column":3}},"type":"if","locations":[{"start":{"line":10,"column":2},"end":{"line":12,"column":3}},{"start":{},"end":{}}],"line":10},"2":{"loc":{"start":{"line":14,"column":2},"end":{"line":16,"column":3}},"type":"if","locations":[{"start":{"line":14,"column":2},"end":{"line":16,"column":3}},{"start":{},"end":{}}],"line":14},"3":{"loc":{"start":{"line":18,"column":2},"end":{"line":22,"column":3}},"type":"if","locations":[{"start":{"line":18,"column":2},"end":{"line":22,"column":3}},{"start":{"line":20,"column":9},"end":{"line":22,"column":3}}],"line":18}},"s":{"0":1,"1":1,"2":0,"3":1,"4":0,"5":1,"6":0,"7":1,"8":1,"9":0},"f":{"0":1},"b":{"0":[0,1],"1":[0,1],"2":[0,1],"3":[1,0]},"_coverageSchema":"1a1c01bbd47fc00a2c39e90264f33305004495a9","hash":"b46d456cf7c0d71943481067de7c35287476e053"}
}
